<?xml version="1.0" encoding="UTF-8"?>
<!-- Generated by org.testng.reporters.JUnitXMLReporter -->
<testsuite ignored="0" hostname="DESKTOP-LEO0I3M" failures="1" tests="2" name="OpenCart Tests" time="28.768" errors="0" timestamp="2021-12-02T16:01:53 EET">
  <testcase classname="testCases.TC_001_AccountRegistration" name="test_account_Registration" time="6.733"/>
  <testcase classname="testCases.TC_002_Login" name="test_Login" time="14.347">
    <failure type="java.lang.AssertionError" message="expected [true] but found [false]">
      <![CDATA[java.lang.AssertionError: expected [true] but found [false]
at testCases.TC_002_Login.test_Login(TC_002_Login.java:53)
at java.base/java.util.ArrayList.forEach(ArrayList.java:1511)
... Removed 31 stack frames]]>
    </failure>
  </testcase> <!-- test_Login -->
</testsuite> <!-- OpenCart Tests -->
